#
# There is insufficient memory for the Java Runtime Environment to continue.
# Native memory allocation (mmap) failed to map 264241152 bytes for G1 virtual space
# Possible reasons:
#   The system is out of physical RAM or swap space
#   The process is running with CompressedOops enabled, and the Java Heap may be blocking the growth of the native heap
# Possible solutions:
#   Reduce memory load on the system
#   Increase physical memory or swap space
#   Check if swap backing store is full
#   Decrease Java heap size (-Xmx/-Xms)
#   Decrease number of Java threads
#   Decrease Java thread stack sizes (-Xss)
#   Set larger code cache with -XX:ReservedCodeCacheSize=
#   JVM is running with Zero Based Compressed Oops mode in which the Java heap is
#     placed in the first 32GB address space. The Java Heap base address is the
#     maximum limit for the native heap growth. Please use -XX:HeapBaseMinAddress
#     to set the Java Heap base and to place the Java Heap above 32GB virtual address.
# This output file may be truncated or incomplete.
#
#  Out of Memory Error (os_windows.cpp:3613), pid=19040, tid=9232
#
# JRE version:  (17.0.10+7) (build )
# Java VM: OpenJDK 64-Bit Server VM (17.0.10+7, mixed mode, sharing, tiered, compressed oops, compressed class ptrs, g1 gc, windows-amd64)
# No core dump will be written. Minidumps are not enabled by default on client versions of Windows
#

---------------  S U M M A R Y ------------

Command Line: -Dmaven.home=EMBEDDED -Dclassworlds.conf=D:\MAESTRIA\PROJECT\spring_boot\eclipse-workspace\.metadata\.plugins\org.eclipse.m2e.launching\launches\m2conf3743768706743769153.tmp -Dmaven.multiModuleProjectDirectory=D:\MAESTRIA\PROJECT\spring_boot\eclipse-workspace\sisventas -Dm2e.build.project.data.socket.port=60213 -Dfile.encoding=UTF-8 -Dstdout.encoding=UTF-8 -Dstderr.encoding=UTF-8 -XX:+ShowCodeDetailsInExceptionMessages org.codehaus.plexus.classworlds.launcher.Launcher -B -Dstyle.color=always clean

Host: 11th Gen Intel(R) Core(TM) i7-1185G7 @ 3.00GHz, 8 cores, 15G,  Windows 10 , 64 bit Build 19041 (10.0.19041.928)
Time: Wed Feb 14 16:36:40 2024 Hora estándar oeste, Sudamérica elapsed time: 0.023204 seconds (0d 0h 0m 0s)

---------------  T H R E A D  ---------------

Current thread (0x0000023a45b0ad10):  JavaThread "Unknown thread" [_thread_in_vm, id=9232, stack(0x00000095c3e00000,0x00000095c3f00000)]

Stack: [0x00000095c3e00000,0x00000095c3f00000]
Native frames: (J=compiled Java code, j=interpreted, Vv=VM code, C=native code)
V  [jvm.dll+0x67d2c9]
V  [jvm.dll+0x834afa]
V  [jvm.dll+0x8365be]
V  [jvm.dll+0x836c23]
V  [jvm.dll+0x2477ff]
V  [jvm.dll+0x67a109]
V  [jvm.dll+0x66eb7a]
V  [jvm.dll+0x30764b]
V  [jvm.dll+0x30eaf6]
V  [jvm.dll+0x35e83e]
V  [jvm.dll+0x35ea6f]
V  [jvm.dll+0x2de248]
V  [jvm.dll+0x2df1b4]
V  [jvm.dll+0x806361]
V  [jvm.dll+0x36c6f1]
V  [jvm.dll+0x7e4e06]
V  [jvm.dll+0x3eff3f]
V  [jvm.dll+0x3f1b71]
C  [jli.dll+0x528f]
C  [ucrtbase.dll+0x21bb2]
C  [KERNEL32.DLL+0x17034]
C  [ntdll.dll+0x52651]


---------------  P R O C E S S  ---------------

Threads class SMR info:
_java_thread_list=0x00007ffc5229ee98, length=0, elements={
}

Java Threads: ( => current thread )

Other Threads:
  0x0000023a45b738c0 GCTaskThread "GC Thread#0" [stack: 0x00000095c3c00000,0x00000095c3d00000] [id=24340]
  0x0000023a61a48020 ConcurrentGCThread "G1 Main Marker" [stack: 0x00000095c3f00000,0x00000095c4000000] [id=23908]
  0x0000023a45b7c750 ConcurrentGCThread "G1 Conc#0" [stack: 0x00000095c4000000,0x00000095c4100000] [id=9580]

[error occurred during error reporting (printing all threads), id 0xc0000005, EXCEPTION_ACCESS_VIOLATION (0xc0000005) at pc=0x00007ffc51a5ec87]

VM state: not at safepoint (not fully initialized)

VM Mutex/Monitor currently owned by a thread:  ([mutex/lock_event])
[0x0000023a45b07140] Heap_lock - owner thread: 0x0000023a45b0ad10

Heap address: 0x0000000704400000, size: 4028 MB, Compressed Oops mode: Zero based, Oop shift amount: 3

CDS archive(s) mapped at: [0x0000000000000000-0x0000000000000000-0x0000000000000000), size 0, SharedBaseAddress: 0x0000000800000000, ArchiveRelocationMode: 1.
Narrow klass base: 0x0000000000000000, Narrow klass shift: 0, Narrow klass range: 0x0

GC Precious Log:
<Empty>

Heap:
 garbage-first heap   total 0K, used 0K [0x0000000704400000, 0x0000000800000000)
  region size 2048K, 0 young (0K), 0 survivors (0K)

[error occurred during error reporting (printing heap information), id 0xc0000005, EXCEPTION_ACCESS_VIOLATION (0xc0000005) at pc=0x00007ffc51e46fb9]

GC Heap History (0 events):
No events

Dll operation events (1 events):
Event: 0.017 Loaded shared library D:\MAESTRIA\PROJECT\spring_boot\sts-4.21.1.RELEASE\plugins\org.eclipse.justj.openjdk.hotspot.jre.full.win32.x86_64_17.0.10.v20240120-1143\jre\bin\java.dll

Deoptimization events (0 events):
No events

Classes unloaded (0 events):
No events

Classes redefined (0 events):
No events

Internal exceptions (0 events):
No events

VM Operations (0 events):
No events

Events (0 events):
No events


Dynamic libraries:
0x00007ff7e2bc0000 - 0x00007ff7e2bce000 	D:\MAESTRIA\PROJECT\spring_boot\sts-4.21.1.RELEASE\plugins\org.eclipse.justj.openjdk.hotspot.jre.full.win32.x86_64_17.0.10.v20240120-1143\jre\bin\javaw.exe
0x00007ffcbd910000 - 0x00007ffcbdb05000 	C:\WINDOWS\SYSTEM32\ntdll.dll
0x00007ffcbce50000 - 0x00007ffcbcf0d000 	C:\WINDOWS\System32\KERNEL32.DLL
0x00007ffcbb330000 - 0x00007ffcbb5f8000 	C:\WINDOWS\System32\KERNELBASE.dll
0x00007ffcb4260000 - 0x00007ffcb42f0000 	C:\WINDOWS\SYSTEM32\apphelp.dll
0x00007ffcbb760000 - 0x00007ffcbb860000 	C:\WINDOWS\System32\ucrtbase.dll
0x00007ffcae430000 - 0x00007ffcae447000 	D:\MAESTRIA\PROJECT\spring_boot\sts-4.21.1.RELEASE\plugins\org.eclipse.justj.openjdk.hotspot.jre.full.win32.x86_64_17.0.10.v20240120-1143\jre\bin\jli.dll
0x00007ffcbc4b0000 - 0x00007ffcbc650000 	C:\WINDOWS\System32\USER32.dll
0x00007ffcbb910000 - 0x00007ffcbb932000 	C:\WINDOWS\System32\win32u.dll
0x00007ffcbd690000 - 0x00007ffcbd6ba000 	C:\WINDOWS\System32\GDI32.dll
0x00007ffcbb220000 - 0x00007ffcbb32b000 	C:\WINDOWS\System32\gdi32full.dll
0x00007ffcbb180000 - 0x00007ffcbb21d000 	C:\WINDOWS\System32\msvcp_win.dll
0x00007ffcae300000 - 0x00007ffcae31b000 	D:\MAESTRIA\PROJECT\spring_boot\sts-4.21.1.RELEASE\plugins\org.eclipse.justj.openjdk.hotspot.jre.full.win32.x86_64_17.0.10.v20240120-1143\jre\bin\VCRUNTIME140.dll
0x00007ffca4370000 - 0x00007ffca460a000 	C:\WINDOWS\WinSxS\amd64_microsoft.windows.common-controls_6595b64144ccf1df_6.0.19041.844_none_ca00b6081b84eb1d\COMCTL32.dll
0x00007ffcbd7d0000 - 0x00007ffcbd86e000 	C:\WINDOWS\System32\msvcrt.dll
0x00007ffcbd6c0000 - 0x00007ffcbd6f0000 	C:\WINDOWS\System32\IMM32.DLL
0x00007ffc947c0000 - 0x00007ffc948c8000 	C:\Program Files (x86)\Citrix\ICA Client\epclient64.dll
0x00007ffcbcf10000 - 0x00007ffcbcfbc000 	C:\WINDOWS\System32\ADVAPI32.dll
0x00007ffcbd040000 - 0x00007ffcbd0db000 	C:\WINDOWS\System32\sechost.dll
0x00007ffcbc260000 - 0x00007ffcbc38b000 	C:\WINDOWS\System32\RPCRT4.dll
0x00007ffcb99d0000 - 0x00007ffcb9a03000 	C:\WINDOWS\SYSTEM32\ntmarta.dll
0x00007ffcbb940000 - 0x00007ffcbb967000 	C:\WINDOWS\System32\bcrypt.dll
0x00007ffcbb050000 - 0x00007ffcbb0d0000 	C:\WINDOWS\System32\bcryptprimitives.dll
0x00007ffcb6c90000 - 0x00007ffcb6c9c000 	D:\MAESTRIA\PROJECT\spring_boot\sts-4.21.1.RELEASE\plugins\org.eclipse.justj.openjdk.hotspot.jre.full.win32.x86_64_17.0.10.v20240120-1143\jre\bin\vcruntime140_1.dll
0x00007ffc8e5c0000 - 0x00007ffc8e64d000 	D:\MAESTRIA\PROJECT\spring_boot\sts-4.21.1.RELEASE\plugins\org.eclipse.justj.openjdk.hotspot.jre.full.win32.x86_64_17.0.10.v20240120-1143\jre\bin\msvcp140.dll
0x00007ffc51770000 - 0x00007ffc523d2000 	D:\MAESTRIA\PROJECT\spring_boot\sts-4.21.1.RELEASE\plugins\org.eclipse.justj.openjdk.hotspot.jre.full.win32.x86_64_17.0.10.v20240120-1143\jre\bin\server\jvm.dll
0x00007ffcba5b0000 - 0x00007ffcba5fb000 	C:\WINDOWS\SYSTEM32\POWRPROF.dll
0x00007ffc9cd70000 - 0x00007ffc9cd79000 	C:\WINDOWS\SYSTEM32\WSOCK32.dll
0x00007ffcbcfd0000 - 0x00007ffcbd03b000 	C:\WINDOWS\System32\WS2_32.dll
0x00007ffcaa5b0000 - 0x00007ffcaa5d7000 	C:\WINDOWS\SYSTEM32\WINMM.dll
0x00007ffcae580000 - 0x00007ffcae58a000 	C:\WINDOWS\SYSTEM32\VERSION.dll
0x00007ffcba470000 - 0x00007ffcba482000 	C:\WINDOWS\SYSTEM32\UMPDC.dll
0x00007ffcb98e0000 - 0x00007ffcb98f2000 	C:\WINDOWS\SYSTEM32\kernel.appcore.dll
0x00007ffcb6d20000 - 0x00007ffcb6d2a000 	D:\MAESTRIA\PROJECT\spring_boot\sts-4.21.1.RELEASE\plugins\org.eclipse.justj.openjdk.hotspot.jre.full.win32.x86_64_17.0.10.v20240120-1143\jre\bin\jimage.dll
0x00007ffcb8db0000 - 0x00007ffcb8f94000 	C:\WINDOWS\SYSTEM32\DBGHELP.DLL
0x00007ffc9cd80000 - 0x00007ffc9cdac000 	C:\WINDOWS\SYSTEM32\dbgcore.DLL
0x00007ffca47b0000 - 0x00007ffca47d5000 	D:\MAESTRIA\PROJECT\spring_boot\sts-4.21.1.RELEASE\plugins\org.eclipse.justj.openjdk.hotspot.jre.full.win32.x86_64_17.0.10.v20240120-1143\jre\bin\java.dll

dbghelp: loaded successfully - version: 4.0.5 - missing functions: none
symbol engine: initialized successfully - sym options: 0x614 - pdb path: .;D:\MAESTRIA\PROJECT\spring_boot\sts-4.21.1.RELEASE\plugins\org.eclipse.justj.openjdk.hotspot.jre.full.win32.x86_64_17.0.10.v20240120-1143\jre\bin;C:\WINDOWS\SYSTEM32;C:\WINDOWS\WinSxS\amd64_microsoft.windows.common-controls_6595b64144ccf1df_6.0.19041.844_none_ca00b6081b84eb1d;C:\Program Files (x86)\Citrix\ICA Client;D:\MAESTRIA\PROJECT\spring_boot\sts-4.21.1.RELEASE\plugins\org.eclipse.justj.openjdk.hotspot.jre.full.win32.x86_64_17.0.10.v20240120-1143\jre\bin\server

VM Arguments:
jvm_args: -Dmaven.home=EMBEDDED -Dclassworlds.conf=D:\MAESTRIA\PROJECT\spring_boot\eclipse-workspace\.metadata\.plugins\org.eclipse.m2e.launching\launches\m2conf3743768706743769153.tmp -Dmaven.multiModuleProjectDirectory=D:\MAESTRIA\PROJECT\spring_boot\eclipse-workspace\sisventas -Dm2e.build.project.data.socket.port=60213 -Dfile.encoding=UTF-8 -Dstdout.encoding=UTF-8 -Dstderr.encoding=UTF-8 -XX:+ShowCodeDetailsInExceptionMessages 
java_command: org.codehaus.plexus.classworlds.launcher.Launcher -B -Dstyle.color=always clean
java_class_path (initial): D:\MAESTRIA\PROJECT\spring_boot\sts-4.21.1.RELEASE\plugins\org.eclipse.m2e.maven.runtime_3.9.500.20231113-2345\jars\plexus-classworlds-2.7.0.jar
Launcher Type: SUN_STANDARD

[Global flags]
     intx CICompilerCount                          = 4                                         {product} {ergonomic}
     uint ConcGCThreads                            = 2                                         {product} {ergonomic}
     uint G1ConcRefinementThreads                  = 8                                         {product} {ergonomic}
   size_t G1HeapRegionSize                         = 2097152                                   {product} {ergonomic}
    uintx GCDrainStackTargetSize                   = 64                                        {product} {ergonomic}
   size_t InitialHeapSize                          = 264241152                                 {product} {ergonomic}
   size_t MarkStackSize                            = 4194304                                   {product} {ergonomic}
   size_t MaxHeapSize                              = 4223664128                                {product} {ergonomic}
   size_t MinHeapDeltaBytes                        = 2097152                                   {product} {ergonomic}
   size_t MinHeapSize                              = 8388608                                   {product} {ergonomic}
    uintx NonNMethodCodeHeapSize                   = 5839372                                {pd product} {ergonomic}
    uintx NonProfiledCodeHeapSize                  = 122909434                              {pd product} {ergonomic}
    uintx ProfiledCodeHeapSize                     = 122909434                              {pd product} {ergonomic}
    uintx ReservedCodeCacheSize                    = 251658240                              {pd product} {ergonomic}
     bool SegmentedCodeCache                       = true                                      {product} {ergonomic}
     bool ShowCodeDetailsInExceptionMessages       = true                                   {manageable} {command line}
   size_t SoftMaxHeapSize                          = 4223664128                             {manageable} {ergonomic}
     bool UseCompressedClassPointers               = true                           {product lp64_product} {ergonomic}
     bool UseCompressedOops                        = true                           {product lp64_product} {ergonomic}
     bool UseG1GC                                  = true                                      {product} {ergonomic}
     bool UseLargePagesIndividualAllocation        = false                                  {pd product} {ergonomic}

Logging:
Log output configuration:
 #0: stdout all=warning uptime,level,tags
 #1: stderr all=off uptime,level,tags

Environment Variables:
JAVA_HOME=c:\Program Files\Java\jdk1.8.0_161\
PATH=D:/MAESTRIA/PROJECT/spring_boot/sts-4.21.1.RELEASE//plugins/org.eclipse.justj.openjdk.hotspot.jre.full.win32.x86_64_17.0.10.v20240120-1143/jre/bin/server;D:/MAESTRIA/PROJECT/spring_boot/sts-4.21.1.RELEASE//plugins/org.eclipse.justj.openjdk.hotspot.jre.full.win32.x86_64_17.0.10.v20240120-1143/jre/bin;C:\Program Files\Common Files\Oracle\Java\javapath;C:\Program Files (x86)\Common Files\Oracle\Java\javapath;C:\Program Files (x86)\Common Files\Intel\Shared Libraries\redist\intel64_win\compiler;C:\WINDOWS\system32;C:\WINDOWS;C:\WINDOWS\System32\Wbem;C:\WINDOWS\System32\WindowsPowerShell\v1.0\;C:\WINDOWS\System32\OpenSSH\;C:\Program Files (x86)\Sennheiser\SenncomSDK\;C:\Program Files\Microsoft SQL Server\110\Tools\Binn\;C:\Program Files (x86)\Microsoft SQL Server\110\Tools\Binn\ManagementStudio\;C:\Program Files (x86)\Microsoft SQL Server\110\Tools\Binn\;C:\Program Files (x86)\Microsoft SQL Server\110\DTS\Binn\;C:\Program Files\Microsoft SQL Server\110\DTS\Binn\;C:\Program Files\Git\cmd;C:\Program Files\TortoiseSVN\bin;C:\Program Files\dotnet\;C:\Program Files (x86)\Kaspersky Lab\Endpoint Agent\;C:\Program Files\nodejs\;c:\Program Files\Java\jre1.8.0_333\;C:\Strawberry\c\bin;C:\Strawberry\perl\site\bin;C:\Strawberry\perl\bin;c:\Program Files\PostgreSQL\14\bin;;C:\Program Files\Docker\Docker\resources\bin;C:\Users\rimberth.villca\AppData\Local\anaconda3;C:\Users\rimberth.villca\AppData\Local\anaconda3\Library\mingw-w64\bin;C:\Users\rimberth.villca\AppData\Local\anaconda3\Library\usr\bin;C:\Users\rimberth.villca\AppData\Local\anaconda3\Library\bin;C:\Users\rimberth.villca\AppData\Local\anaconda3\Scripts;C:\Users\rimberth.villca\AppData\Local\Microsoft\WindowsApps;C:\Program Files\JetBrains\IntelliJ IDEA Community Edition 2021.3.3\bin;;C:\Users\rimberth.villca\AppData\Roaming\npm;C:\Users\rimberth.villca\AppData\Local\Programs\Microsoft VS Code\bin;C:\Users\rimberth.villca\AppData\Local\Android\Sdk\platform-tools;c:\Users\rimberth.villca\AppData\Roaming\npm;;D:\MAESTRIA\P
USERNAME=rimberth.villca
OS=Windows_NT
PROCESSOR_IDENTIFIER=Intel64 Family 6 Model 140 Stepping 1, GenuineIntel
TMP=C:\Users\RIMBER~1.VIL\AppData\Local\Temp
TEMP=C:\Users\RIMBER~1.VIL\AppData\Local\Temp



Periodic native trim disabled


---------------  S Y S T E M  ---------------

OS:
 Windows 10 , 64 bit Build 19041 (10.0.19041.928)
OS uptime: 69 days 5:56 hours
Hyper-V role detected

CPU: total 8 (initial active 8) (4 cores per cpu, 2 threads per core) family 6 model 140 stepping 1 microcode 0x86, cx8, cmov, fxsr, ht, mmx, 3dnowpref, sse, sse2, sse3, ssse3, sse4.1, sse4.2, popcnt, lzcnt, tsc, tscinvbit, avx, avx2, aes, erms, clmul, bmi1, bmi2, adx, avx512f, avx512dq, avx512cd, avx512bw, avx512vl, sha, fma, vzeroupper, avx512_vpopcntdq, avx512_vpclmulqdq, avx512_vaes, avx512_vnni, clflush, clflushopt, clwb, avx512_vbmi2, avx512_vbmi, hv
Processor Information for all 8 processors :
  Max Mhz: 1805, Current Mhz: 1805, Mhz Limit: 1805

Memory: 4k page, system-wide physical 16106M (987M free)
TotalPageFile size 51106M (AvailPageFile size 239M)
current process WorkingSet (physical memory assigned to process): 13M, peak: 13M
current process commit charge ("private bytes"): 61M, peak: 313M

vm_info: OpenJDK 64-Bit Server VM (17.0.10+7) for windows-amd64 JRE (17.0.10+7), built on Jan 16 2024 23:25:11 by "admin" with MS VC++ 16.10 / 16.11 (VS2019)

END.
